Wed Apr 07 09:54:17 CDT 2010  [debug] AvalonLogSystem initialized using logfile 'velocity.log'
Wed Apr 07 09:54:17 CDT 2010   [info] ************************************************************** 
Wed Apr 07 09:54:17 CDT 2010   [info] Starting Jakarta Velocity v1.4
Wed Apr 07 09:54:17 CDT 2010   [info] RuntimeInstance initializing.
Wed Apr 07 09:54:17 CDT 2010   [info] Default Properties File: org/apache/velocity/runtime/defaults/velocity.properties
Wed Apr 07 09:54:17 CDT 2010   [info] Trying to use logger class org.apache.velocity.runtime.log.AvalonLogSystem
Wed Apr 07 09:54:17 CDT 2010   [info] Using logger class org.apache.velocity.runtime.log.AvalonLogSystem
Wed Apr 07 09:54:17 CDT 2010   [info] Default ResourceManager initializing. (class org.apache.velocity.runtime.resource.ResourceManagerImpl)
Wed Apr 07 09:54:17 CDT 2010   [info] Resource Loader Instantiated: org.apache.velocity.runtime.resource.loader.FileResourceLoader
Wed Apr 07 09:54:17 CDT 2010   [info] FileResourceLoader : initialization starting.
Wed Apr 07 09:54:17 CDT 2010   [info] FileResourceLoader : adding path '.'
Wed Apr 07 09:54:17 CDT 2010   [info] FileResourceLoader : initialization complete.
Wed Apr 07 09:54:17 CDT 2010   [info] ResourceCache : initialized. (class org.apache.velocity.runtime.resource.ResourceCacheImpl)
Wed Apr 07 09:54:17 CDT 2010   [info] Default ResourceManager initialization complete.
Wed Apr 07 09:54:17 CDT 2010   [info] Loaded System Directive: org.apache.velocity.runtime.directive.Literal
Wed Apr 07 09:54:17 CDT 2010   [info] Loaded System Directive: org.apache.velocity.runtime.directive.Macro
Wed Apr 07 09:54:17 CDT 2010   [info] Loaded System Directive: org.apache.velocity.runtime.directive.Parse
Wed Apr 07 09:54:17 CDT 2010   [info] Loaded System Directive: org.apache.velocity.runtime.directive.Include
Wed Apr 07 09:54:17 CDT 2010   [info] Loaded System Directive: org.apache.velocity.runtime.directive.Foreach
Wed Apr 07 09:54:17 CDT 2010   [info] Created: 20 parsers.
Wed Apr 07 09:54:17 CDT 2010   [info] Velocimacro : initialization starting.
Wed Apr 07 09:54:17 CDT 2010   [info] Velocimacro : adding VMs from VM library template : VM_global_library.vm
Wed Apr 07 09:54:17 CDT 2010  [error] ResourceManager : unable to find resource 'VM_global_library.vm' in any resource loader.
Wed Apr 07 09:54:17 CDT 2010   [info] Velocimacro : error using  VM library template VM_global_library.vm : org.apache.velocity.exception.ResourceNotFoundException: Unable to find resource 'VM_global_library.vm'
Wed Apr 07 09:54:17 CDT 2010   [info] Velocimacro :  VM library template macro registration complete.
Wed Apr 07 09:54:17 CDT 2010   [info] Velocimacro : allowInline = true : VMs can be defined inline in templates
Wed Apr 07 09:54:17 CDT 2010   [info] Velocimacro : allowInlineToOverride = false : VMs defined inline may NOT replace previous VM definitions
Wed Apr 07 09:54:17 CDT 2010   [info] Velocimacro : allowInlineLocal = false : VMs defined inline will be  global in scope if allowed.
Wed Apr 07 09:54:17 CDT 2010   [info] Velocimacro : messages on  : VM system will output logging messages
Wed Apr 07 09:54:17 CDT 2010   [info] Velocimacro : autoload off  : VM system will not automatically reload global library macros
Wed Apr 07 09:54:17 CDT 2010   [info] Velocimacro : initialization complete.
Wed Apr 07 09:54:17 CDT 2010   [info] Velocity successfully started.
Wed Apr 07 09:54:17 CDT 2010   [info] Velocimacro : added new VM : #link( href name ) : source = src/site/site.vm
Wed Apr 07 09:54:17 CDT 2010   [info] Velocimacro : added new VM : #linkNewWindow( href name ) : source = src/site/site.vm
Wed Apr 07 09:54:17 CDT 2010   [info] Velocimacro : added new VM : #banner( banner id ) : source = src/site/site.vm
Wed Apr 07 09:54:17 CDT 2010   [info] Velocimacro : added new VM : #links( links ) : source = src/site/site.vm
Wed Apr 07 09:54:17 CDT 2010   [info] Velocimacro : added new VM : #breadcrumbs( breadcrumbs ) : source = src/site/site.vm
Wed Apr 07 09:54:17 CDT 2010   [info] Velocimacro : added new VM : #displayTree( display item ) : source = src/site/site.vm
Wed Apr 07 09:54:17 CDT 2010   [info] Velocimacro : added new VM : #menuItem( item ) : source = src/site/site.vm
Wed Apr 07 09:54:17 CDT 2010   [info] Velocimacro : added new VM : #mainMenu( menus ) : source = src/site/site.vm
Wed Apr 07 09:54:17 CDT 2010   [info] Velocimacro : added new VM : #copyright( ) : source = src/site/site.vm
Wed Apr 07 09:54:17 CDT 2010   [info] Velocimacro : added new VM : #publishDate( position publishDate version ) : source = src/site/site.vm
Wed Apr 07 09:54:17 CDT 2010   [info] Velocimacro : added new VM : #poweredByLogo( poweredBy ) : source = src/site/site.vm
Wed Apr 07 09:54:17 CDT 2010  [error] VM #displayTree: error : too few arguments to macro. Wanted 2 got 0
Wed Apr 07 09:54:17 CDT 2010  [error] VM #menuItem: error : too few arguments to macro. Wanted 1 got 0
Wed Apr 07 09:54:17 CDT 2010   [info] ResourceManager : found src/site/site.vm with loader org.apache.velocity.runtime.resource.loader.FileResourceLoader
